<?xml version="1.0" encoding="UTF-8"?>
<testng-results skipped="0" failed="0" total="1" passed="1">
  <reporter-output>
  </reporter-output>
  <suite name="WikipediaBookCreater Suite" duration-ms="7311" started-at="2016-09-19T02:20:20Z" finished-at="2016-09-19T02:20:27Z">
    <groups>
    </groups>
    <test name="WikipediaBookCreater Test Suite" duration-ms="7311" started-at="2016-09-19T02:20:20Z" finished-at="2016-09-19T02:20:27Z">
      <class name="tests.BookCreaterTests">
        <test-method status="PASS" signature="beforeClass(java.lang.String, java.lang.String)[pri:0, instance:tests.BookCreaterTests@7823a2f9]" name="beforeClass" is-config="true" duration-ms="4742" started-at="2016-09-19T12:20:20Z" finished-at="2016-09-19T12:20:25Z">
          <params>
            <param index="0">
              <value>
                <![CDATA[chrome]]>
              </value>
            </param>
            <param index="1">
              <value>
                <![CDATA[https://en.wikipedia.org/wiki/Main_Page]]>
              </value>
            </param>
          </params>
          <reporter-output>
          </reporter-output>
        </test-method> <!-- beforeClass -->
        <test-method status="PASS" signature="bookCreaterTest()[pri:0, instance:tests.BookCreaterTests@7823a2f9]" name="bookCreaterTest" duration-ms="2545" started-at="2016-09-19T12:20:25Z" finished-at="2016-09-19T12:20:27Z">
          <reporter-output>
          </reporter-output>
        </test-method> <!-- bookCreaterTest -->
        <test-method status="PASS" signature="afterClass()[pri:0, instance:tests.BookCreaterTests@7823a2f9]" name="afterClass" is-config="true" duration-ms="1" started-at="2016-09-19T12:20:27Z" finished-at="2016-09-19T12:20:27Z">
          <reporter-output>
          </reporter-output>
        </test-method> <!-- afterClass -->
      </class> <!-- tests.BookCreaterTests -->
    </test> <!-- WikipediaBookCreater Test Suite -->
  </suite> <!-- WikipediaBookCreater Suite -->
</testng-results>
